<?xml version="1.0" encoding="UTF-8"?>
<testng-results skipped="0" failed="0" ignored="0" total="1" passed="1">
  <reporter-output>
  </reporter-output>
  <suite name="Default suite" duration-ms="7009" started-at="2022-09-28T12:17:49Z" finished-at="2022-09-28T12:17:56Z">
    <groups>
    </groups>
    <test name="Default test" duration-ms="7009" started-at="2022-09-28T12:17:49Z" finished-at="2022-09-28T12:17:56Z">
      <class name="com.RMGYantra.assignment.CreateGetAndValitadeProjectTest">
        <test-method status="PASS" signature="createGetAndValidateProjectTest()[pri:0, instance:com.RMGYantra.assignment.CreateGetAndValitadeProjectTest@7f010382]" name="createGetAndValidateProjectTest" duration-ms="6856" started-at="2022-09-28T12:17:49Z" finished-at="2022-09-28T12:17:56Z">
          <reporter-output>
          </reporter-output>
        </test-method> <!-- createGetAndValidateProjectTest -->
      </class> <!-- com.RMGYantra.assignment.CreateGetAndValitadeProjectTest -->
    </test> <!-- Default test -->
  </suite> <!-- Default suite -->
</testng-results>
